1646774705535	geckodriver	INFO	Listening on 127.0.0.1:41903
1646774705540	mozrunner::runner	INFO	Running command: "/home/droko/Downloads/firefox-66.0.5/firefox/firefox-bin" "--marionette" "--remote-debugging-port" "55667" "-no-remote" "-profile" "/tmp/rust_mozprofile06f94T"
1646774706120	addons.webextension.screenshots@mozilla.org	WARN	Loading extension 'screenshots@mozilla.org': Reading manifest: Invalid extension permission: mozillaAddons
1646774706121	addons.webextension.screenshots@mozilla.org	WARN	Loading extension 'screenshots@mozilla.org': Reading manifest: Invalid extension permission: resource://pdf.js/
1646774706121	addons.webextension.screenshots@mozilla.org	WARN	Loading extension 'screenshots@mozilla.org': Reading manifest: Invalid extension permission: about:reader*
1646774707603	Marionette	INFO	Listening on port 37967
1646774707794	Marionette	WARN	TLS certificate errors will be ignored for this session
JavaScript warning: https://vplan.gymnasium-meine.de/mobil095/js/jquery.mobile-1.3.2.min.js, line 8: Using //@ to indicate sourceMappingURL pragmas is deprecated. Use //# instead
JavaScript warning: https://vplan.gymnasium-meine.de/mobil095/js/jquery.mobile-1.3.2.min.js, line 8: Using //@ to indicate sourceMappingURL pragmas is deprecated. Use //# instead
JavaScript warning: https://vplan.gymnasium-meine.de/mobil095/js/jquery.mobile-1.3.2.min.js, line 8: Using //@ to indicate sourceMappingURL pragmas is deprecated. Use //# instead
JavaScript warning: https://vplan.gymnasium-meine.de/mobil095/js/jquery.mobile-1.3.2.min.js, line 8: Using //@ to indicate sourceMappingURL pragmas is deprecated. Use //# instead
console.error: BroadcastService: 
  receivedBroadcastMessage: handler for
  remote-settings/monitor_changes
  threw error:
  Message: Error: Polling for changes failed: /buckets/monitor/collections/changes/records?_expected=%221646773065581%22 is not a valid URL..
  Stack:
    remoteSettingsFunction/remoteSettings.pollChanges@resource://services-settings/remote-settings.js:190:13

1646774728914	Marionette	INFO	Stopped listening on port 37967
1646776737761	geckodriver	INFO	Listening on 127.0.0.1:33123
1646776737765	mozrunner::runner	INFO	Running command: "/home/droko/Downloads/firefox-66.0.5/firefox/firefox-bin" "--marionette" "--remote-debugging-port" "47439" "-no-remote" "-profile" "/tmp/rust_mozprofilebHmTxe"
1646776738174	addons.webextension.screenshots@mozilla.org	WARN	Loading extension 'screenshots@mozilla.org': Reading manifest: Invalid extension permission: mozillaAddons
1646776738174	addons.webextension.screenshots@mozilla.org	WARN	Loading extension 'screenshots@mozilla.org': Reading manifest: Invalid extension permission: resource://pdf.js/
1646776738174	addons.webextension.screenshots@mozilla.org	WARN	Loading extension 'screenshots@mozilla.org': Reading manifest: Invalid extension permission: about:reader*
1646776739248	Marionette	INFO	Listening on port 36841
1646776739278	Marionette	WARN	TLS certificate errors will be ignored for this session
JavaScript warning: https://vplan.gymnasium-meine.de/mobil095/js/jquery.mobile-1.3.2.min.js, line 8: Using //@ to indicate sourceMappingURL pragmas is deprecated. Use //# instead
JavaScript warning: https://vplan.gymnasium-meine.de/mobil095/js/jquery.mobile-1.3.2.min.js, line 8: Using //@ to indicate sourceMappingURL pragmas is deprecated. Use //# instead
JavaScript warning: https://vplan.gymnasium-meine.de/mobil095/js/jquery.mobile-1.3.2.min.js, line 8: Using //@ to indicate sourceMappingURL pragmas is deprecated. Use //# instead
JavaScript warning: https://vplan.gymnasium-meine.de/mobil095/js/jquery.mobile-1.3.2.min.js, line 8: Using //@ to indicate sourceMappingURL pragmas is deprecated. Use //# instead
1646776759912	Marionette	INFO	Stopped listening on port 36841
1646777113262	geckodriver	INFO	Listening on 127.0.0.1:54409
1646777113266	mozrunner::runner	INFO	Running command: "/home/droko/Downloads/firefox-66.0.5/firefox/firefox-bin" "--marionette" "--remote-debugging-port" "39015" "-no-remote" "-profile" "/tmp/rust_mozprofileMq6THL"
1646777113640	addons.webextension.screenshots@mozilla.org	WARN	Loading extension 'screenshots@mozilla.org': Reading manifest: Invalid extension permission: mozillaAddons
1646777113640	addons.webextension.screenshots@mozilla.org	WARN	Loading extension 'screenshots@mozilla.org': Reading manifest: Invalid extension permission: resource://pdf.js/
1646777113640	addons.webextension.screenshots@mozilla.org	WARN	Loading extension 'screenshots@mozilla.org': Reading manifest: Invalid extension permission: about:reader*
1646777114629	Marionette	INFO	Listening on port 46191
1646777114795	Marionette	WARN	TLS certificate errors will be ignored for this session
JavaScript warning: https://vplan.gymnasium-meine.de/mobil095/js/jquery.mobile-1.3.2.min.js, line 8: Using //@ to indicate sourceMappingURL pragmas is deprecated. Use //# instead
JavaScript warning: https://vplan.gymnasium-meine.de/mobil095/js/jquery.mobile-1.3.2.min.js, line 8: Using //@ to indicate sourceMappingURL pragmas is deprecated. Use //# instead
JavaScript warning: https://vplan.gymnasium-meine.de/mobil095/js/jquery.mobile-1.3.2.min.js, line 8: Using //@ to indicate sourceMappingURL pragmas is deprecated. Use //# instead
JavaScript warning: https://vplan.gymnasium-meine.de/mobil095/js/jquery.mobile-1.3.2.min.js, line 8: Using //@ to indicate sourceMappingURL pragmas is deprecated. Use //# instead
1646777134821	Marionette	INFO	Stopped listening on port 46191
1646777252870	geckodriver	INFO	Listening on 127.0.0.1:58657
1646777252874	mozrunner::runner	INFO	Running command: "/home/droko/Downloads/firefox-66.0.5/firefox/firefox-bin" "--marionette" "--remote-debugging-port" "57451" "-no-remote" "-profile" "/tmp/rust_mozprofilekP8FYu"
1646777253258	addons.webextension.screenshots@mozilla.org	WARN	Loading extension 'screenshots@mozilla.org': Reading manifest: Invalid extension permission: mozillaAddons
1646777253259	addons.webextension.screenshots@mozilla.org	WARN	Loading extension 'screenshots@mozilla.org': Reading manifest: Invalid extension permission: resource://pdf.js/
1646777253259	addons.webextension.screenshots@mozilla.org	WARN	Loading extension 'screenshots@mozilla.org': Reading manifest: Invalid extension permission: about:reader*
1646777254305	Marionette	INFO	Listening on port 35095
1646777254379	Marionette	WARN	TLS certificate errors will be ignored for this session
JavaScript warning: https://vplan.gymnasium-meine.de/mobil095/js/jquery.mobile-1.3.2.min.js, line 8: Using //@ to indicate sourceMappingURL pragmas is deprecated. Use //# instead
JavaScript warning: https://vplan.gymnasium-meine.de/mobil095/js/jquery.mobile-1.3.2.min.js, line 8: Using //@ to indicate sourceMappingURL pragmas is deprecated. Use //# instead
JavaScript warning: https://vplan.gymnasium-meine.de/mobil095/js/jquery.mobile-1.3.2.min.js, line 8: Using //@ to indicate sourceMappingURL pragmas is deprecated. Use //# instead
JavaScript warning: https://vplan.gymnasium-meine.de/mobil095/js/jquery.mobile-1.3.2.min.js, line 8: Using //@ to indicate sourceMappingURL pragmas is deprecated. Use //# instead
1646777274368	Marionette	INFO	Stopped listening on port 35095
1646778018523	geckodriver	INFO	Listening on 127.0.0.1:49067
1646778018527	mozrunner::runner	INFO	Running command: "/home/droko/Downloads/firefox-66.0.5/firefox/firefox-bin" "--marionette" "--remote-debugging-port" "33805" "-no-remote" "-profile" "/tmp/rust_mozprofileuKCRwE"
1646778018881	addons.webextension.screenshots@mozilla.org	WARN	Loading extension 'screenshots@mozilla.org': Reading manifest: Invalid extension permission: mozillaAddons
1646778018882	addons.webextension.screenshots@mozilla.org	WARN	Loading extension 'screenshots@mozilla.org': Reading manifest: Invalid extension permission: resource://pdf.js/
1646778018882	addons.webextension.screenshots@mozilla.org	WARN	Loading extension 'screenshots@mozilla.org': Reading manifest: Invalid extension permission: about:reader*
1646778019888	Marionette	INFO	Listening on port 42673
1646778020049	Marionette	WARN	TLS certificate errors will be ignored for this session
JavaScript warning: https://vplan.gymnasium-meine.de/mobil095/js/jquery.mobile-1.3.2.min.js, line 8: Using //@ to indicate sourceMappingURL pragmas is deprecated. Use //# instead
JavaScript warning: https://vplan.gymnasium-meine.de/mobil095/js/jquery.mobile-1.3.2.min.js, line 8: Using //@ to indicate sourceMappingURL pragmas is deprecated. Use //# instead
JavaScript warning: https://vplan.gymnasium-meine.de/mobil095/js/jquery.mobile-1.3.2.min.js, line 8: Using //@ to indicate sourceMappingURL pragmas is deprecated. Use //# instead
JavaScript warning: https://vplan.gymnasium-meine.de/mobil095/js/jquery.mobile-1.3.2.min.js, line 8: Using //@ to indicate sourceMappingURL pragmas is deprecated. Use //# instead
1646778039683	Marionette	INFO	Stopped listening on port 42673
JavaScript error: jar:file:///home/droko/Downloads/firefox-66.0.5/firefox/browser/omni.ja!/components/nsBrowserGlue.js, line 1411: NS_ERROR_FAILURE: Component returned failure code: 0x80004005 (NS_ERROR_FAILURE) [nsIAppShellService.hiddenDOMWindow]
JavaScript error: resource://gre/modules/JSONFile.jsm, line 159: Error: Data is not ready.
1646778065758	geckodriver	INFO	Listening on 127.0.0.1:44227
1646778065764	mozrunner::runner	INFO	Running command: "/home/droko/Downloads/firefox-66.0.5/firefox/firefox-bin" "--marionette" "--remote-debugging-port" "39629" "-no-remote" "-profile" "/tmp/rust_mozprofilejn0nYw"
1646778066221	addons.webextension.screenshots@mozilla.org	WARN	Loading extension 'screenshots@mozilla.org': Reading manifest: Invalid extension permission: mozillaAddons
1646778066222	addons.webextension.screenshots@mozilla.org	WARN	Loading extension 'screenshots@mozilla.org': Reading manifest: Invalid extension permission: resource://pdf.js/
1646778066222	addons.webextension.screenshots@mozilla.org	WARN	Loading extension 'screenshots@mozilla.org': Reading manifest: Invalid extension permission: about:reader*
1646778067296	Marionette	INFO	Listening on port 39301
1646778067448	Marionette	WARN	TLS certificate errors will be ignored for this session
1646778071223	Marionette	INFO	Stopped listening on port 39301
1646778561088	geckodriver	INFO	Listening on 127.0.0.1:49447
1646778561092	mozrunner::runner	INFO	Running command: "/home/droko/Downloads/firefox-66.0.5/firefox/firefox-bin" "--marionette" "--remote-debugging-port" "57777" "-no-remote" "-profile" "/tmp/rust_mozprofileg5sIj8"
1646778561432	addons.webextension.screenshots@mozilla.org	WARN	Loading extension 'screenshots@mozilla.org': Reading manifest: Invalid extension permission: mozillaAddons
1646778561433	addons.webextension.screenshots@mozilla.org	WARN	Loading extension 'screenshots@mozilla.org': Reading manifest: Invalid extension permission: resource://pdf.js/
1646778561433	addons.webextension.screenshots@mozilla.org	WARN	Loading extension 'screenshots@mozilla.org': Reading manifest: Invalid extension permission: about:reader*
1646778562487	Marionette	INFO	Listening on port 33627
1646778562498	Marionette	WARN	TLS certificate errors will be ignored for this session
JavaScript warning: https://vplan.gymnasium-meine.de/mobil095/js/jquery.mobile-1.3.2.min.js, line 8: Using //@ to indicate sourceMappingURL pragmas is deprecated. Use //# instead
JavaScript warning: https://vplan.gymnasium-meine.de/mobil095/js/jquery.mobile-1.3.2.min.js, line 8: Using //@ to indicate sourceMappingURL pragmas is deprecated. Use //# instead
JavaScript warning: https://vplan.gymnasium-meine.de/mobil095/js/jquery.mobile-1.3.2.min.js, line 8: Using //@ to indicate sourceMappingURL pragmas is deprecated. Use //# instead
JavaScript warning: https://vplan.gymnasium-meine.de/mobil095/js/jquery.mobile-1.3.2.min.js, line 8: Using //@ to indicate sourceMappingURL pragmas is deprecated. Use //# instead
1646778582198	Marionette	INFO	Stopped listening on port 33627
JavaScript error: jar:file:///home/droko/Downloads/firefox-66.0.5/firefox/browser/omni.ja!/components/nsBrowserGlue.js, line 1411: NS_ERROR_FAILURE: Component returned failure code: 0x80004005 (NS_ERROR_FAILURE) [nsIAppShellService.hiddenDOMWindow]
JavaScript error: resource://gre/modules/JSONFile.jsm, line 159: Error: Data is not ready.
1646778630687	geckodriver	INFO	Listening on 127.0.0.1:60605
1646778630691	mozrunner::runner	INFO	Running command: "/home/droko/Downloads/firefox-66.0.5/firefox/firefox-bin" "--marionette" "--remote-debugging-port" "46617" "-no-remote" "-profile" "/tmp/rust_mozprofileXF81YV"
1646778631021	addons.webextension.screenshots@mozilla.org	WARN	Loading extension 'screenshots@mozilla.org': Reading manifest: Invalid extension permission: mozillaAddons
1646778631021	addons.webextension.screenshots@mozilla.org	WARN	Loading extension 'screenshots@mozilla.org': Reading manifest: Invalid extension permission: resource://pdf.js/
1646778631021	addons.webextension.screenshots@mozilla.org	WARN	Loading extension 'screenshots@mozilla.org': Reading manifest: Invalid extension permission: about:reader*
1646778632086	Marionette	INFO	Listening on port 34527
1646778632098	Marionette	WARN	TLS certificate errors will be ignored for this session
JavaScript warning: https://vplan.gymnasium-meine.de/mobil095/js/jquery.mobile-1.3.2.min.js, line 8: Using //@ to indicate sourceMappingURL pragmas is deprecated. Use //# instead
JavaScript warning: https://vplan.gymnasium-meine.de/mobil095/js/jquery.mobile-1.3.2.min.js, line 8: Using //@ to indicate sourceMappingURL pragmas is deprecated. Use //# instead
JavaScript warning: https://vplan.gymnasium-meine.de/mobil095/js/jquery.mobile-1.3.2.min.js, line 8: Using //@ to indicate sourceMappingURL pragmas is deprecated. Use //# instead
JavaScript warning: https://vplan.gymnasium-meine.de/mobil095/js/jquery.mobile-1.3.2.min.js, line 8: Using //@ to indicate sourceMappingURL pragmas is deprecated. Use //# instead
[Parent 62341, Gecko_IOThread] WARNING: pipe error (90): Connection reset by peer: file /builds/worker/workspace/build/src/ipc/chromium/src/chrome/common/ipc_channel_posix.cc, line 357
1646778643509	Marionette	INFO	Stopped listening on port 34527
1646779404311	geckodriver	INFO	Listening on 127.0.0.1:36497
1646779404318	mozrunner::runner	INFO	Running command: "/home/droko/Downloads/firefox-66.0.5/firefox/firefox-bin" "--marionette" "--remote-debugging-port" "39985" "-no-remote" "-profile" "/tmp/rust_mozprofile7h9O05"
1646779404656	addons.webextension.screenshots@mozilla.org	WARN	Loading extension 'screenshots@mozilla.org': Reading manifest: Invalid extension permission: mozillaAddons
1646779404657	addons.webextension.screenshots@mozilla.org	WARN	Loading extension 'screenshots@mozilla.org': Reading manifest: Invalid extension permission: resource://pdf.js/
1646779404657	addons.webextension.screenshots@mozilla.org	WARN	Loading extension 'screenshots@mozilla.org': Reading manifest: Invalid extension permission: about:reader*
1646779405663	Marionette	INFO	Listening on port 45067
1646779405833	Marionette	WARN	TLS certificate errors will be ignored for this session
JavaScript warning: https://vplan.gymnasium-meine.de/mobil095/js/jquery.mobile-1.3.2.min.js, line 8: Using //@ to indicate sourceMappingURL pragmas is deprecated. Use //# instead
JavaScript warning: https://vplan.gymnasium-meine.de/mobil095/js/jquery.mobile-1.3.2.min.js, line 8: Using //@ to indicate sourceMappingURL pragmas is deprecated. Use //# instead
JavaScript warning: https://vplan.gymnasium-meine.de/mobil095/js/jquery.mobile-1.3.2.min.js, line 8: Using //@ to indicate sourceMappingURL pragmas is deprecated. Use //# instead
JavaScript warning: https://vplan.gymnasium-meine.de/mobil095/js/jquery.mobile-1.3.2.min.js, line 8: Using //@ to indicate sourceMappingURL pragmas is deprecated. Use //# instead
1646779425120	Marionette	INFO	Stopped listening on port 45067
1646779435824	geckodriver	INFO	Listening on 127.0.0.1:41277
1646780572566	geckodriver	INFO	Listening on 127.0.0.1:36649
1646780572569	mozrunner::runner	INFO	Running command: "/home/droko/Downloads/firefox-66.0.5/firefox/firefox-bin" "--marionette" "-headless" "--remote-debugging-port" "52377" "-no-remote" "-profile" "/tmp/rust_mozprofile7ZZ2ns"
*** You are running in headless mode.
1646780572837	addons.webextension.screenshots@mozilla.org	WARN	Loading extension 'screenshots@mozilla.org': Reading manifest: Invalid extension permission: mozillaAddons
1646780572838	addons.webextension.screenshots@mozilla.org	WARN	Loading extension 'screenshots@mozilla.org': Reading manifest: Invalid extension permission: resource://pdf.js/
1646780572838	addons.webextension.screenshots@mozilla.org	WARN	Loading extension 'screenshots@mozilla.org': Reading manifest: Invalid extension permission: about:reader*
1646780573981	Marionette	INFO	Listening on port 38321
1646780574085	Marionette	WARN	TLS certificate errors will be ignored for this session
JavaScript warning: https://vplan.gymnasium-meine.de/mobil095/js/jquery.mobile-1.3.2.min.js, line 8: Using //@ to indicate sourceMappingURL pragmas is deprecated. Use //# instead
JavaScript warning: https://vplan.gymnasium-meine.de/mobil095/js/jquery.mobile-1.3.2.min.js, line 8: Using //@ to indicate sourceMappingURL pragmas is deprecated. Use //# instead
JavaScript warning: https://vplan.gymnasium-meine.de/mobil095/js/jquery.mobile-1.3.2.min.js, line 8: Using //@ to indicate sourceMappingURL pragmas is deprecated. Use //# instead
JavaScript warning: https://vplan.gymnasium-meine.de/mobil095/js/jquery.mobile-1.3.2.min.js, line 8: Using //@ to indicate sourceMappingURL pragmas is deprecated. Use //# instead
1646780591477	Marionette	INFO	Stopped listening on port 38321
1646780778025	geckodriver	INFO	Listening on 127.0.0.1:35437
1646780778535	mozrunner::runner	INFO	Running command: "/home/droko/Downloads/firefox-66.0.5/firefox/firefox-bin" "--marionette" "-headless" "--remote-debugging-port" "56527" "-no-remote" "-profile" "/tmp/rust_mozprofilej7Gatt"
*** You are running in headless mode.
1646780778774	addons.webextension.screenshots@mozilla.org	WARN	Loading extension 'screenshots@mozilla.org': Reading manifest: Invalid extension permission: mozillaAddons
1646780778774	addons.webextension.screenshots@mozilla.org	WARN	Loading extension 'screenshots@mozilla.org': Reading manifest: Invalid extension permission: resource://pdf.js/
1646780778774	addons.webextension.screenshots@mozilla.org	WARN	Loading extension 'screenshots@mozilla.org': Reading manifest: Invalid extension permission: about:reader*
1646780779594	Marionette	INFO	Listening on port 39961
1646780779639	Marionette	WARN	TLS certificate errors will be ignored for this session
JavaScript warning: https://vplan.gymnasium-meine.de/mobil095/js/jquery.mobile-1.3.2.min.js, line 8: Using //@ to indicate sourceMappingURL pragmas is deprecated. Use //# instead
JavaScript warning: https://vplan.gymnasium-meine.de/mobil095/js/jquery.mobile-1.3.2.min.js, line 8: Using //@ to indicate sourceMappingURL pragmas is deprecated. Use //# instead
JavaScript warning: https://vplan.gymnasium-meine.de/mobil095/js/jquery.mobile-1.3.2.min.js, line 8: Using //@ to indicate sourceMappingURL pragmas is deprecated. Use //# instead
JavaScript warning: https://vplan.gymnasium-meine.de/mobil095/js/jquery.mobile-1.3.2.min.js, line 8: Using //@ to indicate sourceMappingURL pragmas is deprecated. Use //# instead
1646780797331	Marionette	INFO	Stopped listening on port 39961
1646812420051	geckodriver	INFO	Listening on 127.0.0.1:54063
1646812420055	mozrunner::runner	INFO	Running command: "/home/droko/Downloads/firefox-66.0.5/firefox/firefox-bin" "--marionette" "-headless" "--remote-debugging-port" "43103" "-no-remote" "-profile" "/tmp/rust_mozprofileklcrui"
*** You are running in headless mode.
1646812420422	addons.webextension.screenshots@mozilla.org	WARN	Loading extension 'screenshots@mozilla.org': Reading manifest: Invalid extension permission: mozillaAddons
1646812420422	addons.webextension.screenshots@mozilla.org	WARN	Loading extension 'screenshots@mozilla.org': Reading manifest: Invalid extension permission: resource://pdf.js/
1646812420422	addons.webextension.screenshots@mozilla.org	WARN	Loading extension 'screenshots@mozilla.org': Reading manifest: Invalid extension permission: about:reader*
1646812421390	Marionette	INFO	Listening on port 38879
1646812421460	Marionette	WARN	TLS certificate errors will be ignored for this session
JavaScript warning: https://vplan.gymnasium-meine.de/mobil095/js/jquery.mobile-1.3.2.min.js, line 8: Using //@ to indicate sourceMappingURL pragmas is deprecated. Use //# instead
JavaScript warning: https://vplan.gymnasium-meine.de/mobil095/js/jquery.mobile-1.3.2.min.js, line 8: Using //@ to indicate sourceMappingURL pragmas is deprecated. Use //# instead
JavaScript warning: https://vplan.gymnasium-meine.de/mobil095/js/jquery.mobile-1.3.2.min.js, line 8: Using //@ to indicate sourceMappingURL pragmas is deprecated. Use //# instead
JavaScript warning: https://vplan.gymnasium-meine.de/mobil095/js/jquery.mobile-1.3.2.min.js, line 8: Using //@ to indicate sourceMappingURL pragmas is deprecated. Use //# instead
1646812438842	Marionette	INFO	Stopped listening on port 38879
1646836439031	geckodriver	INFO	Listening on 127.0.0.1:59403
1646836439535	mozrunner::runner	INFO	Running command: "/home/droko/Downloads/firefox-66.0.5/firefox/firefox-bin" "--marionette" "--remote-debugging-port" "35583" "-no-remote" "-profile" "/tmp/rust_mozprofileiQERrF"
1646836440111	addons.webextension.screenshots@mozilla.org	WARN	Loading extension 'screenshots@mozilla.org': Reading manifest: Invalid extension permission: mozillaAddons
1646836440111	addons.webextension.screenshots@mozilla.org	WARN	Loading extension 'screenshots@mozilla.org': Reading manifest: Invalid extension permission: resource://pdf.js/
1646836440112	addons.webextension.screenshots@mozilla.org	WARN	Loading extension 'screenshots@mozilla.org': Reading manifest: Invalid extension permission: about:reader*
1646836441503	Marionette	INFO	Listening on port 42503
1646836441608	Marionette	WARN	TLS certificate errors will be ignored for this session
JavaScript warning: https://vplan.gymnasium-meine.de/mobil095/js/jquery.mobile-1.3.2.min.js, line 8: Using //@ to indicate sourceMappingURL pragmas is deprecated. Use //# instead
JavaScript warning: https://vplan.gymnasium-meine.de/mobil095/js/jquery.mobile-1.3.2.min.js, line 8: Using //@ to indicate sourceMappingURL pragmas is deprecated. Use //# instead
JavaScript warning: https://vplan.gymnasium-meine.de/mobil095/js/jquery.mobile-1.3.2.min.js, line 8: Using //@ to indicate sourceMappingURL pragmas is deprecated. Use //# instead
JavaScript warning: https://vplan.gymnasium-meine.de/mobil095/js/jquery.mobile-1.3.2.min.js, line 8: Using //@ to indicate sourceMappingURL pragmas is deprecated. Use //# instead
[Parent 20557, Gecko_IOThread] WARNING: pipe error (90): Connection reset by peer: file /builds/worker/workspace/build/src/ipc/chromium/src/chrome/common/ipc_channel_posix.cc, line 357
1646836445594	Marionette	INFO	Stopped listening on port 42503
1646838390009	geckodriver	INFO	Listening on 127.0.0.1:35561
1646838390014	mozrunner::runner	INFO	Running command: "/home/droko/Downloads/firefox-66.0.5/firefox/firefox-bin" "--marionette" "--remote-debugging-port" "51899" "-no-remote" "-profile" "/tmp/rust_mozprofileedbGPW"
1646838390482	addons.webextension.screenshots@mozilla.org	WARN	Loading extension 'screenshots@mozilla.org': Reading manifest: Invalid extension permission: mozillaAddons
1646838390483	addons.webextension.screenshots@mozilla.org	WARN	Loading extension 'screenshots@mozilla.org': Reading manifest: Invalid extension permission: resource://pdf.js/
1646838390483	addons.webextension.screenshots@mozilla.org	WARN	Loading extension 'screenshots@mozilla.org': Reading manifest: Invalid extension permission: about:reader*
1646838391853	Marionette	INFO	Listening on port 38915
1646838391982	Marionette	WARN	TLS certificate errors will be ignored for this session
JavaScript warning: https://vplan.gymnasium-meine.de/mobil095/js/jquery.mobile-1.3.2.min.js, line 8: Using //@ to indicate sourceMappingURL pragmas is deprecated. Use //# instead
JavaScript warning: https://vplan.gymnasium-meine.de/mobil095/js/jquery.mobile-1.3.2.min.js, line 8: Using //@ to indicate sourceMappingURL pragmas is deprecated. Use //# instead
JavaScript warning: https://vplan.gymnasium-meine.de/mobil095/js/jquery.mobile-1.3.2.min.js, line 8: Using //@ to indicate sourceMappingURL pragmas is deprecated. Use //# instead
JavaScript warning: https://vplan.gymnasium-meine.de/mobil095/js/jquery.mobile-1.3.2.min.js, line 8: Using //@ to indicate sourceMappingURL pragmas is deprecated. Use //# instead
1646838394563	Marionette	INFO	Stopped listening on port 38915
1646838429715	geckodriver	INFO	Listening on 127.0.0.1:59481
1646838429719	mozrunner::runner	INFO	Running command: "/home/droko/Downloads/firefox-66.0.5/firefox/firefox-bin" "--marionette" "--remote-debugging-port" "43089" "-no-remote" "-profile" "/tmp/rust_mozprofileq4wGXK"
1646838430239	addons.webextension.screenshots@mozilla.org	WARN	Loading extension 'screenshots@mozilla.org': Reading manifest: Invalid extension permission: mozillaAddons
1646838430239	addons.webextension.screenshots@mozilla.org	WARN	Loading extension 'screenshots@mozilla.org': Reading manifest: Invalid extension permission: resource://pdf.js/
1646838430240	addons.webextension.screenshots@mozilla.org	WARN	Loading extension 'screenshots@mozilla.org': Reading manifest: Invalid extension permission: about:reader*
1646838431638	Marionette	INFO	Listening on port 41209
1646838431784	Marionette	WARN	TLS certificate errors will be ignored for this session
JavaScript warning: https://vplan.gymnasium-meine.de/mobil095/js/jquery.mobile-1.3.2.min.js, line 8: Using //@ to indicate sourceMappingURL pragmas is deprecated. Use //# instead
JavaScript warning: https://vplan.gymnasium-meine.de/mobil095/js/jquery.mobile-1.3.2.min.js, line 8: Using //@ to indicate sourceMappingURL pragmas is deprecated. Use //# instead
JavaScript warning: https://vplan.gymnasium-meine.de/mobil095/js/jquery.mobile-1.3.2.min.js, line 8: Using //@ to indicate sourceMappingURL pragmas is deprecated. Use //# instead
JavaScript warning: https://vplan.gymnasium-meine.de/mobil095/js/jquery.mobile-1.3.2.min.js, line 8: Using //@ to indicate sourceMappingURL pragmas is deprecated. Use //# instead
IPDL protocol error: Handler returned error code!

###!!! [Parent][DispatchAsyncMessage] Error: PLayerTransaction::Msg_ReleaseLayer Processing error: message was deserialized, but the handler returned false (indicating failure)

IPDL protocol error: Handler returned error code!

###!!! [Parent][DispatchAsyncMessage] Error: PLayerTransaction::Msg_ReleaseLayer Processing error: message was deserialized, but the handler returned false (indicating failure)

IPDL protocol error: Handler returned error code!

###!!! [Parent][DispatchAsyncMessage] Error: PLayerTransaction::Msg_ReleaseLayer Processing error: message was deserialized, but the handler returned false (indicating failure)

IPDL protocol error: Handler returned error code!

###!!! [Parent][DispatchAsyncMessage] Error: PLayerTransaction::Msg_ReleaseLayer Processing error: message was deserialized, but the handler returned false (indicating failure)

IPDL protocol error: Handler returned error code!

###!!! [Parent][DispatchAsyncMessage] Error: PLayerTransaction::Msg_ReleaseLayer Processing error: message was deserialized, but the handler returned false (indicating failure)

IPDL protocol error: Handler returned error code!

###!!! [Parent][DispatchAsyncMessage] Error: PLayerTransaction::Msg_ReleaseLayer Processing error: message was deserialized, but the handler returned false (indicating failure)

IPDL protocol error: Handler returned error code!

###!!! [Parent][DispatchAsyncMessage] Error: PLayerTransaction::Msg_ReleaseLayer Processing error: message was deserialized, but the handler returned false (indicating failure)

IPDL protocol error: Handler returned error code!

###!!! [Parent][DispatchAsyncMessage] Error: PLayerTransaction::Msg_ReleaseLayer Processing error: message was deserialized, but the handler returned false (indicating failure)

1646838433503	Marionette	INFO	Stopped listening on port 41209
1646838485503	geckodriver	INFO	Listening on 127.0.0.1:54491
1646838485511	mozrunner::runner	INFO	Running command: "/home/droko/Downloads/firefox-66.0.5/firefox/firefox-bin" "--marionette" "--remote-debugging-port" "55281" "-no-remote" "-profile" "/tmp/rust_mozprofilecMSpRo"
1646838485962	addons.webextension.screenshots@mozilla.org	WARN	Loading extension 'screenshots@mozilla.org': Reading manifest: Invalid extension permission: mozillaAddons
1646838485962	addons.webextension.screenshots@mozilla.org	WARN	Loading extension 'screenshots@mozilla.org': Reading manifest: Invalid extension permission: resource://pdf.js/
1646838485963	addons.webextension.screenshots@mozilla.org	WARN	Loading extension 'screenshots@mozilla.org': Reading manifest: Invalid extension permission: about:reader*
1646838487499	Marionette	INFO	Listening on port 41943
1646838487533	Marionette	WARN	TLS certificate errors will be ignored for this session
JavaScript warning: https://vplan.gymnasium-meine.de/mobil095/js/jquery.mobile-1.3.2.min.js, line 8: Using //@ to indicate sourceMappingURL pragmas is deprecated. Use //# instead
JavaScript warning: https://vplan.gymnasium-meine.de/mobil095/js/jquery.mobile-1.3.2.min.js, line 8: Using //@ to indicate sourceMappingURL pragmas is deprecated. Use //# instead
JavaScript warning: https://vplan.gymnasium-meine.de/mobil095/js/jquery.mobile-1.3.2.min.js, line 8: Using //@ to indicate sourceMappingURL pragmas is deprecated. Use //# instead
JavaScript warning: https://vplan.gymnasium-meine.de/mobil095/js/jquery.mobile-1.3.2.min.js, line 8: Using //@ to indicate sourceMappingURL pragmas is deprecated. Use //# instead
[Parent 58896, Gecko_IOThread] WARNING: pipe error (81): Connection reset by peer: file /builds/worker/workspace/build/src/ipc/chromium/src/chrome/common/ipc_channel_posix.cc, line 357
1646838491768	Marionette	INFO	Stopped listening on port 41943
1646838905817	geckodriver	INFO	Listening on 127.0.0.1:57281
1646838905823	mozrunner::runner	INFO	Running command: "/home/droko/Downloads/firefox-66.0.5/firefox/firefox-bin" "--marionette" "--remote-debugging-port" "59627" "-no-remote" "-profile" "/tmp/rust_mozprofilerrGF8T"
1646838906368	addons.webextension.screenshots@mozilla.org	WARN	Loading extension 'screenshots@mozilla.org': Reading manifest: Invalid extension permission: mozillaAddons
1646838906369	addons.webextension.screenshots@mozilla.org	WARN	Loading extension 'screenshots@mozilla.org': Reading manifest: Invalid extension permission: resource://pdf.js/
1646838906369	addons.webextension.screenshots@mozilla.org	WARN	Loading extension 'screenshots@mozilla.org': Reading manifest: Invalid extension permission: about:reader*
1646838907856	Marionette	INFO	Listening on port 42169
1646838908086	Marionette	WARN	TLS certificate errors will be ignored for this session
JavaScript warning: https://vplan.gymnasium-meine.de/mobil095/js/jquery.mobile-1.3.2.min.js, line 8: Using //@ to indicate sourceMappingURL pragmas is deprecated. Use //# instead
JavaScript warning: https://vplan.gymnasium-meine.de/mobil095/js/jquery.mobile-1.3.2.min.js, line 8: Using //@ to indicate sourceMappingURL pragmas is deprecated. Use //# instead
JavaScript warning: https://vplan.gymnasium-meine.de/mobil095/js/jquery.mobile-1.3.2.min.js, line 8: Using //@ to indicate sourceMappingURL pragmas is deprecated. Use //# instead
JavaScript warning: https://vplan.gymnasium-meine.de/mobil095/js/jquery.mobile-1.3.2.min.js, line 8: Using //@ to indicate sourceMappingURL pragmas is deprecated. Use //# instead
JavaScript error: resource:///actors/SearchTelemetryChild.jsm, line 160: TypeError: this.content is null
1646838913636	Marionette	INFO	Stopped listening on port 42169
1646840799401	geckodriver	INFO	Listening on 127.0.0.1:45811
1646840799410	mozrunner::runner	INFO	Running command: "/home/droko/Downloads/firefox-66.0.5/firefox/firefox-bin" "--marionette" "--remote-debugging-port" "45401" "-no-remote" "-profile" "/tmp/rust_mozprofilegCPyB5"
1646840799799	addons.webextension.screenshots@mozilla.org	WARN	Loading extension 'screenshots@mozilla.org': Reading manifest: Invalid extension permission: mozillaAddons
1646840799799	addons.webextension.screenshots@mozilla.org	WARN	Loading extension 'screenshots@mozilla.org': Reading manifest: Invalid extension permission: resource://pdf.js/
1646840799799	addons.webextension.screenshots@mozilla.org	WARN	Loading extension 'screenshots@mozilla.org': Reading manifest: Invalid extension permission: about:reader*
1646840800902	Marionette	INFO	Listening on port 44069
1646840800925	Marionette	WARN	TLS certificate errors will be ignored for this session
JavaScript warning: https://vplan.gymnasium-meine.de/mobil095/js/jquery.mobile-1.3.2.min.js, line 8: Using //@ to indicate sourceMappingURL pragmas is deprecated. Use //# instead
JavaScript warning: https://vplan.gymnasium-meine.de/mobil095/js/jquery.mobile-1.3.2.min.js, line 8: Using //@ to indicate sourceMappingURL pragmas is deprecated. Use //# instead
JavaScript warning: https://vplan.gymnasium-meine.de/mobil095/js/jquery.mobile-1.3.2.min.js, line 8: Using //@ to indicate sourceMappingURL pragmas is deprecated. Use //# instead
JavaScript warning: https://vplan.gymnasium-meine.de/mobil095/js/jquery.mobile-1.3.2.min.js, line 8: Using //@ to indicate sourceMappingURL pragmas is deprecated. Use //# instead
[Parent 101901, Gecko_IOThread] WARNING: pipe error (93): Connection reset by peer: file /builds/worker/workspace/build/src/ipc/chromium/src/chrome/common/ipc_channel_posix.cc, line 357
1646840805491	Marionette	INFO	Stopped listening on port 44069
1646840820024	geckodriver	INFO	Listening on 127.0.0.1:34415
1646840820027	mozrunner::runner	INFO	Running command: "/home/droko/Downloads/firefox-66.0.5/firefox/firefox-bin" "--marionette" "--remote-debugging-port" "49979" "-no-remote" "-profile" "/tmp/rust_mozprofile0ilJwN"
1646840820413	addons.webextension.screenshots@mozilla.org	WARN	Loading extension 'screenshots@mozilla.org': Reading manifest: Invalid extension permission: mozillaAddons
1646840820413	addons.webextension.screenshots@mozilla.org	WARN	Loading extension 'screenshots@mozilla.org': Reading manifest: Invalid extension permission: resource://pdf.js/
1646840820413	addons.webextension.screenshots@mozilla.org	WARN	Loading extension 'screenshots@mozilla.org': Reading manifest: Invalid extension permission: about:reader*
1646840821524	Marionette	INFO	Listening on port 46593
1646840821538	Marionette	WARN	TLS certificate errors will be ignored for this session
JavaScript warning: https://vplan.gymnasium-meine.de/mobil095/js/jquery.mobile-1.3.2.min.js, line 8: Using //@ to indicate sourceMappingURL pragmas is deprecated. Use //# instead
JavaScript warning: https://vplan.gymnasium-meine.de/mobil095/js/jquery.mobile-1.3.2.min.js, line 8: Using //@ to indicate sourceMappingURL pragmas is deprecated. Use //# instead
JavaScript warning: https://vplan.gymnasium-meine.de/mobil095/js/jquery.mobile-1.3.2.min.js, line 8: Using //@ to indicate sourceMappingURL pragmas is deprecated. Use //# instead
JavaScript warning: https://vplan.gymnasium-meine.de/mobil095/js/jquery.mobile-1.3.2.min.js, line 8: Using //@ to indicate sourceMappingURL pragmas is deprecated. Use //# instead
1646840824636	Marionette	INFO	Stopped listening on port 46593
1646845570491	geckodriver	INFO	Listening on 127.0.0.1:47901
1646845570494	mozrunner::runner	INFO	Running command: "/home/droko/Downloads/firefox-66.0.5/firefox/firefox-bin" "--marionette" "--remote-debugging-port" "52595" "-no-remote" "-profile" "/tmp/rust_mozprofile6JS1Ei"
1646845570843	addons.webextension.screenshots@mozilla.org	WARN	Loading extension 'screenshots@mozilla.org': Reading manifest: Invalid extension permission: mozillaAddons
1646845570843	addons.webextension.screenshots@mozilla.org	WARN	Loading extension 'screenshots@mozilla.org': Reading manifest: Invalid extension permission: resource://pdf.js/
1646845570843	addons.webextension.screenshots@mozilla.org	WARN	Loading extension 'screenshots@mozilla.org': Reading manifest: Invalid extension permission: about:reader*
1646845571918	Marionette	INFO	Listening on port 34899
1646845572015	Marionette	WARN	TLS certificate errors will be ignored for this session
JavaScript warning: https://vplan.gymnasium-meine.de/mobil095/js/jquery.mobile-1.3.2.min.js, line 8: Using //@ to indicate sourceMappingURL pragmas is deprecated. Use //# instead
JavaScript warning: https://vplan.gymnasium-meine.de/mobil095/js/jquery.mobile-1.3.2.min.js, line 8: Using //@ to indicate sourceMappingURL pragmas is deprecated. Use //# instead
JavaScript warning: https://vplan.gymnasium-meine.de/mobil095/js/jquery.mobile-1.3.2.min.js, line 8: Using //@ to indicate sourceMappingURL pragmas is deprecated. Use //# instead
JavaScript warning: https://vplan.gymnasium-meine.de/mobil095/js/jquery.mobile-1.3.2.min.js, line 8: Using //@ to indicate sourceMappingURL pragmas is deprecated. Use //# instead
1646845575479	Marionette	INFO	Stopped listening on port 34899
1646845586968	geckodriver	INFO	Listening on 127.0.0.1:55215
1646845586973	mozrunner::runner	INFO	Running command: "/home/droko/Downloads/firefox-66.0.5/firefox/firefox-bin" "--marionette" "-headless" "--remote-debugging-port" "58125" "-no-remote" "-profile" "/tmp/rust_mozprofileMrhmuq"
*** You are running in headless mode.
1646845587247	addons.webextension.screenshots@mozilla.org	WARN	Loading extension 'screenshots@mozilla.org': Reading manifest: Invalid extension permission: mozillaAddons
1646845587248	addons.webextension.screenshots@mozilla.org	WARN	Loading extension 'screenshots@mozilla.org': Reading manifest: Invalid extension permission: resource://pdf.js/
1646845587248	addons.webextension.screenshots@mozilla.org	WARN	Loading extension 'screenshots@mozilla.org': Reading manifest: Invalid extension permission: about:reader*
1646845588104	Marionette	INFO	Listening on port 37995
1646845588180	Marionette	WARN	TLS certificate errors will be ignored for this session
JavaScript warning: https://vplan.gymnasium-meine.de/mobil095/js/jquery.mobile-1.3.2.min.js, line 8: Using //@ to indicate sourceMappingURL pragmas is deprecated. Use //# instead
JavaScript warning: https://vplan.gymnasium-meine.de/mobil095/js/jquery.mobile-1.3.2.min.js, line 8: Using //@ to indicate sourceMappingURL pragmas is deprecated. Use //# instead
JavaScript warning: https://vplan.gymnasium-meine.de/mobil095/js/jquery.mobile-1.3.2.min.js, line 8: Using //@ to indicate sourceMappingURL pragmas is deprecated. Use //# instead
JavaScript warning: https://vplan.gymnasium-meine.de/mobil095/js/jquery.mobile-1.3.2.min.js, line 8: Using //@ to indicate sourceMappingURL pragmas is deprecated. Use //# instead
console.error: BroadcastService: 
  receivedBroadcastMessage: handler for
  remote-settings/monitor_changes
  threw error:
  Message: Error: Polling for changes failed: /buckets/monitor/collections/changes/records?_expected=%221646837869656%22 is not a valid URL..
  Stack:
    remoteSettingsFunction/remoteSettings.pollChanges@resource://services-settings/remote-settings.js:190:13

1646858398517	geckodriver	INFO	Listening on 127.0.0.1:57457
1646858399023	mozrunner::runner	INFO	Running command: "/home/droko/Downloads/firefox-66.0.5/firefox/firefox-bin" "--marionette" "-headless" "--remote-debugging-port" "50839" "-no-remote" "-profile" "/tmp/rust_mozprofileKWeGDe"
*** You are running in headless mode.
1646858399355	addons.webextension.screenshots@mozilla.org	WARN	Loading extension 'screenshots@mozilla.org': Reading manifest: Invalid extension permission: mozillaAddons
1646858399355	addons.webextension.screenshots@mozilla.org	WARN	Loading extension 'screenshots@mozilla.org': Reading manifest: Invalid extension permission: resource://pdf.js/
1646858399355	addons.webextension.screenshots@mozilla.org	WARN	Loading extension 'screenshots@mozilla.org': Reading manifest: Invalid extension permission: about:reader*
1646858400006	geckodriver	INFO	Listening on 127.0.0.1:39987
1646858400009	mozrunner::runner	INFO	Running command: "/home/droko/Downloads/firefox-66.0.5/firefox/firefox-bin" "--marionette" "-headless" "--remote-debugging-port" "50177" "-no-remote" "-profile" "/tmp/rust_mozprofilePj58f3"
*** You are running in headless mode.
1646858400244	Marionette	INFO	Listening on port 37551
1646858400247	addons.webextension.screenshots@mozilla.org	WARN	Loading extension 'screenshots@mozilla.org': Reading manifest: Invalid extension permission: mozillaAddons
1646858400247	addons.webextension.screenshots@mozilla.org	WARN	Loading extension 'screenshots@mozilla.org': Reading manifest: Invalid extension permission: resource://pdf.js/
1646858400247	addons.webextension.screenshots@mozilla.org	WARN	Loading extension 'screenshots@mozilla.org': Reading manifest: Invalid extension permission: about:reader*
1646858400329	Marionette	WARN	TLS certificate errors will be ignored for this session
JavaScript warning: https://vplan.gymnasium-meine.de/mobil095/js/jquery.mobile-1.3.2.min.js, line 8: Using //@ to indicate sourceMappingURL pragmas is deprecated. Use //# instead
1646858401028	Marionette	INFO	Listening on port 45177
1646858401123	Marionette	WARN	TLS certificate errors will be ignored for this session
JavaScript warning: https://vplan.gymnasium-meine.de/mobil095/js/jquery.mobile-1.3.2.min.js, line 8: Using //@ to indicate sourceMappingURL pragmas is deprecated. Use //# instead
JavaScript warning: https://vplan.gymnasium-meine.de/mobil095/js/jquery.mobile-1.3.2.min.js, line 8: Using //@ to indicate sourceMappingURL pragmas is deprecated. Use //# instead
JavaScript warning: https://vplan.gymnasium-meine.de/mobil095/js/jquery.mobile-1.3.2.min.js, line 8: Using //@ to indicate sourceMappingURL pragmas is deprecated. Use //# instead
JavaScript warning: https://vplan.gymnasium-meine.de/mobil095/js/jquery.mobile-1.3.2.min.js, line 8: Using //@ to indicate sourceMappingURL pragmas is deprecated. Use //# instead
JavaScript warning: https://vplan.gymnasium-meine.de/mobil095/js/jquery.mobile-1.3.2.min.js, line 8: Using //@ to indicate sourceMappingURL pragmas is deprecated. Use //# instead
JavaScript warning: https://vplan.gymnasium-meine.de/mobil095/js/jquery.mobile-1.3.2.min.js, line 8: Using //@ to indicate sourceMappingURL pragmas is deprecated. Use //# instead
JavaScript warning: https://vplan.gymnasium-meine.de/mobil095/js/jquery.mobile-1.3.2.min.js, line 8: Using //@ to indicate sourceMappingURL pragmas is deprecated. Use //# instead
console.error: BroadcastService: 
  receivedBroadcastMessage: handler for
  remote-settings/monitor_changes
  threw error:
  Message: Error: Polling for changes failed: /buckets/monitor/collections/changes/records?_expected=%221646855020226%22 is not a valid URL..
  Stack:
    remoteSettingsFunction/remoteSettings.pollChanges@resource://services-settings/remote-settings.js:190:13

console.error: BroadcastService: 
  receivedBroadcastMessage: handler for
  remote-settings/monitor_changes
  threw error:
  Message: Error: Polling for changes failed: /buckets/monitor/collections/changes/records?_expected=%221646855020226%22 is not a valid URL..
  Stack:
    remoteSettingsFunction/remoteSettings.pollChanges@resource://services-settings/remote-settings.js:190:13

1646858681282	geckodriver	INFO	Listening on 127.0.0.1:46517
1646858681790	mozrunner::runner	INFO	Running command: "/home/droko/Downloads/firefox-66.0.5/firefox/firefox-bin" "--marionette" "--remote-debugging-port" "49193" "-no-remote" "-profile" "/tmp/rust_mozprofilejaL9Jt"
1646858682137	addons.webextension.screenshots@mozilla.org	WARN	Loading extension 'screenshots@mozilla.org': Reading manifest: Invalid extension permission: mozillaAddons
1646858682137	addons.webextension.screenshots@mozilla.org	WARN	Loading extension 'screenshots@mozilla.org': Reading manifest: Invalid extension permission: resource://pdf.js/
1646858682138	addons.webextension.screenshots@mozilla.org	WARN	Loading extension 'screenshots@mozilla.org': Reading manifest: Invalid extension permission: about:reader*
1646858683150	Marionette	INFO	Listening on port 46123
1646858683280	Marionette	WARN	TLS certificate errors will be ignored for this session
JavaScript warning: https://vplan.gymnasium-meine.de/mobil095/js/jquery.mobile-1.3.2.min.js, line 8: Using //@ to indicate sourceMappingURL pragmas is deprecated. Use //# instead
JavaScript warning: https://vplan.gymnasium-meine.de/mobil095/js/jquery.mobile-1.3.2.min.js, line 8: Using //@ to indicate sourceMappingURL pragmas is deprecated. Use //# instead
JavaScript warning: https://vplan.gymnasium-meine.de/mobil095/js/jquery.mobile-1.3.2.min.js, line 8: Using //@ to indicate sourceMappingURL pragmas is deprecated. Use //# instead
JavaScript warning: https://vplan.gymnasium-meine.de/mobil095/js/jquery.mobile-1.3.2.min.js, line 8: Using //@ to indicate sourceMappingURL pragmas is deprecated. Use //# instead
1646858700012	geckodriver	INFO	Listening on 127.0.0.1:39935
1646858700018	mozrunner::runner	INFO	Running command: "/home/droko/Downloads/firefox-66.0.5/firefox/firefox-bin" "--marionette" "--remote-debugging-port" "50139" "-no-remote" "-profile" "/tmp/rust_mozprofiledvG8WG"
1646858700370	addons.webextension.screenshots@mozilla.org	WARN	Loading extension 'screenshots@mozilla.org': Reading manifest: Invalid extension permission: mozillaAddons
1646858700371	addons.webextension.screenshots@mozilla.org	WARN	Loading extension 'screenshots@mozilla.org': Reading manifest: Invalid extension permission: resource://pdf.js/
1646858700371	addons.webextension.screenshots@mozilla.org	WARN	Loading extension 'screenshots@mozilla.org': Reading manifest: Invalid extension permission: about:reader*
1646858701379	Marionette	INFO	Listening on port 45917
1646858701533	Marionette	WARN	TLS certificate errors will be ignored for this session
JavaScript warning: https://vplan.gymnasium-meine.de/mobil095/js/jquery.mobile-1.3.2.min.js, line 8: Using //@ to indicate sourceMappingURL pragmas is deprecated. Use //# instead
1646858702213	Marionette	INFO	Stopped listening on port 46123
JavaScript warning: https://vplan.gymnasium-meine.de/mobil095/js/jquery.mobile-1.3.2.min.js, line 8: Using //@ to indicate sourceMappingURL pragmas is deprecated. Use //# instead
JavaScript warning: https://vplan.gymnasium-meine.de/mobil095/js/jquery.mobile-1.3.2.min.js, line 8: Using //@ to indicate sourceMappingURL pragmas is deprecated. Use //# instead
JavaScript warning: https://vplan.gymnasium-meine.de/mobil095/js/jquery.mobile-1.3.2.min.js, line 8: Using //@ to indicate sourceMappingURL pragmas is deprecated. Use //# instead
1646858721673	Marionette	INFO	Stopped listening on port 45917
1646858965850	geckodriver	INFO	Listening on 127.0.0.1:56219
1646858965853	mozrunner::runner	INFO	Running command: "/home/droko/Downloads/firefox-66.0.5/firefox/firefox-bin" "--marionette" "--remote-debugging-port" "45821" "-no-remote" "-profile" "/tmp/rust_mozprofile3vbOU3"
1646858966213	addons.webextension.screenshots@mozilla.org	WARN	Loading extension 'screenshots@mozilla.org': Reading manifest: Invalid extension permission: mozillaAddons
1646858966214	addons.webextension.screenshots@mozilla.org	WARN	Loading extension 'screenshots@mozilla.org': Reading manifest: Invalid extension permission: resource://pdf.js/
1646858966214	addons.webextension.screenshots@mozilla.org	WARN	Loading extension 'screenshots@mozilla.org': Reading manifest: Invalid extension permission: about:reader*
1646858967185	Marionette	INFO	Listening on port 46331
1646858967263	Marionette	WARN	TLS certificate errors will be ignored for this session
JavaScript warning: https://vplan.gymnasium-meine.de/mobil095/js/jquery.mobile-1.3.2.min.js, line 8: Using //@ to indicate sourceMappingURL pragmas is deprecated. Use //# instead
JavaScript warning: https://vplan.gymnasium-meine.de/mobil095/js/jquery.mobile-1.3.2.min.js, line 8: Using //@ to indicate sourceMappingURL pragmas is deprecated. Use //# instead
JavaScript warning: https://vplan.gymnasium-meine.de/mobil095/js/jquery.mobile-1.3.2.min.js, line 8: Using //@ to indicate sourceMappingURL pragmas is deprecated. Use //# instead
JavaScript warning: https://vplan.gymnasium-meine.de/mobil095/js/jquery.mobile-1.3.2.min.js, line 8: Using //@ to indicate sourceMappingURL pragmas is deprecated. Use //# instead
1646859000036	geckodriver	INFO	Listening on 127.0.0.1:53303
1646859000041	mozrunner::runner	INFO	Running command: "/home/droko/Downloads/firefox-66.0.5/firefox/firefox-bin" "--marionette" "--remote-debugging-port" "45379" "-no-remote" "-profile" "/tmp/rust_mozprofileGj8Wai"
1646859000368	addons.webextension.screenshots@mozilla.org	WARN	Loading extension 'screenshots@mozilla.org': Reading manifest: Invalid extension permission: mozillaAddons
1646859000369	addons.webextension.screenshots@mozilla.org	WARN	Loading extension 'screenshots@mozilla.org': Reading manifest: Invalid extension permission: resource://pdf.js/
1646859000369	addons.webextension.screenshots@mozilla.org	WARN	Loading extension 'screenshots@mozilla.org': Reading manifest: Invalid extension permission: about:reader*
1646859001269	Marionette	INFO	Listening on port 36095
1646859001364	Marionette	WARN	TLS certificate errors will be ignored for this session
JavaScript warning: https://vplan.gymnasium-meine.de/mobil095/js/jquery.mobile-1.3.2.min.js, line 8: Using //@ to indicate sourceMappingURL pragmas is deprecated. Use //# instead
JavaScript warning: https://vplan.gymnasium-meine.de/mobil095/js/jquery.mobile-1.3.2.min.js, line 8: Using //@ to indicate sourceMappingURL pragmas is deprecated. Use //# instead
JavaScript warning: https://vplan.gymnasium-meine.de/mobil095/js/jquery.mobile-1.3.2.min.js, line 8: Using //@ to indicate sourceMappingURL pragmas is deprecated. Use //# instead
1646859003893	Marionette	INFO	Stopped listening on port 36095
1646859004630	geckodriver::marionette	ERROR	Failed to close browser connection: Socket not connected (os error 107)
console.error: BroadcastService: 
  receivedBroadcastMessage: handler for
  remote-settings/monitor_changes
  threw error:
  Message: Error: Polling for changes failed: /buckets/monitor/collections/changes/records?_expected=%221646855020226%22 is not a valid URL..
  Stack:
    remoteSettingsFunction/remoteSettings.pollChanges@resource://services-settings/remote-settings.js:190:13

1646859043009	Marionette	INFO	Stopped listening on port 46331
[Parent 11079, Gecko_IOThread] WARNING: pipe error (58): Connection reset by peer: file /builds/worker/workspace/build/src/ipc/chromium/src/chrome/common/ipc_channel_posix.cc, line 357
1646859060056	geckodriver	INFO	Listening on 127.0.0.1:40305
1646859060060	mozrunner::runner	INFO	Running command: "/home/droko/Downloads/firefox-66.0.5/firefox/firefox-bin" "--marionette" "--remote-debugging-port" "57591" "-no-remote" "-profile" "/tmp/rust_mozprofilewPY2vH"
1646859060390	addons.webextension.screenshots@mozilla.org	WARN	Loading extension 'screenshots@mozilla.org': Reading manifest: Invalid extension permission: mozillaAddons
1646859060390	addons.webextension.screenshots@mozilla.org	WARN	Loading extension 'screenshots@mozilla.org': Reading manifest: Invalid extension permission: resource://pdf.js/
1646859060391	addons.webextension.screenshots@mozilla.org	WARN	Loading extension 'screenshots@mozilla.org': Reading manifest: Invalid extension permission: about:reader*
1646859061420	Marionette	INFO	Listening on port 41133
1646859061589	Marionette	WARN	TLS certificate errors will be ignored for this session
JavaScript warning: https://vplan.gymnasium-meine.de/mobil095/js/jquery.mobile-1.3.2.min.js, line 8: Using //@ to indicate sourceMappingURL pragmas is deprecated. Use //# instead
JavaScript warning: https://vplan.gymnasium-meine.de/mobil095/js/jquery.mobile-1.3.2.min.js, line 8: Using //@ to indicate sourceMappingURL pragmas is deprecated. Use //# instead
JavaScript warning: https://vplan.gymnasium-meine.de/mobil095/js/jquery.mobile-1.3.2.min.js, line 8: Using //@ to indicate sourceMappingURL pragmas is deprecated. Use //# instead
JavaScript warning: https://vplan.gymnasium-meine.de/mobil095/js/jquery.mobile-1.3.2.min.js, line 8: Using //@ to indicate sourceMappingURL pragmas is deprecated. Use //# instead
1646859068872	Marionette	INFO	Stopped listening on port 41133
1646859823261	geckodriver	INFO	Listening on 127.0.0.1:33669
1646859823264	mozrunner::runner	INFO	Running command: "/home/droko/Downloads/firefox-66.0.5/firefox/firefox-bin" "--marionette" "--remote-debugging-port" "38693" "-no-remote" "-profile" "/tmp/rust_mozprofileB0oTr2"
1646859823612	addons.webextension.screenshots@mozilla.org	WARN	Loading extension 'screenshots@mozilla.org': Reading manifest: Invalid extension permission: mozillaAddons
1646859823613	addons.webextension.screenshots@mozilla.org	WARN	Loading extension 'screenshots@mozilla.org': Reading manifest: Invalid extension permission: resource://pdf.js/
1646859823613	addons.webextension.screenshots@mozilla.org	WARN	Loading extension 'screenshots@mozilla.org': Reading manifest: Invalid extension permission: about:reader*
1646859824645	Marionette	INFO	Listening on port 32999
1646859824753	Marionette	WARN	TLS certificate errors will be ignored for this session
JavaScript warning: https://vplan.gymnasium-meine.de/mobil095/js/jquery.mobile-1.3.2.min.js, line 8: Using //@ to indicate sourceMappingURL pragmas is deprecated. Use //# instead
JavaScript warning: https://vplan.gymnasium-meine.de/mobil095/js/jquery.mobile-1.3.2.min.js, line 8: Using //@ to indicate sourceMappingURL pragmas is deprecated. Use //# instead
JavaScript warning: https://vplan.gymnasium-meine.de/mobil095/js/jquery.mobile-1.3.2.min.js, line 8: Using //@ to indicate sourceMappingURL pragmas is deprecated. Use //# instead
JavaScript warning: https://vplan.gymnasium-meine.de/mobil095/js/jquery.mobile-1.3.2.min.js, line 8: Using //@ to indicate sourceMappingURL pragmas is deprecated. Use //# instead
JavaScript warning: https://vplan.gymnasium-meine.de/mobil095/js/jquery.mobile-1.3.2.min.js, line 8: Using //@ to indicate sourceMappingURL pragmas is deprecated. Use //# instead
1646859830522	geckodriver::marionette	ERROR	Failed to close browser connection: Socket not connected (os error 107)
1646859830572	Marionette	INFO	Stopped listening on port 32999
1646859842348	geckodriver	INFO	Listening on 127.0.0.1:39937
1646859842351	mozrunner::runner	INFO	Running command: "/home/droko/Downloads/firefox-66.0.5/firefox/firefox-bin" "--marionette" "--remote-debugging-port" "49169" "-no-remote" "-profile" "/tmp/rust_mozprofile6MXrxn"
1646859842704	addons.webextension.screenshots@mozilla.org	WARN	Loading extension 'screenshots@mozilla.org': Reading manifest: Invalid extension permission: mozillaAddons
1646859842704	addons.webextension.screenshots@mozilla.org	WARN	Loading extension 'screenshots@mozilla.org': Reading manifest: Invalid extension permission: resource://pdf.js/
1646859842704	addons.webextension.screenshots@mozilla.org	WARN	Loading extension 'screenshots@mozilla.org': Reading manifest: Invalid extension permission: about:reader*
1646859843696	Marionette	INFO	Listening on port 41397
1646859843827	Marionette	WARN	TLS certificate errors will be ignored for this session
JavaScript warning: https://vplan.gymnasium-meine.de/mobil095/js/jquery.mobile-1.3.2.min.js, line 8: Using //@ to indicate sourceMappingURL pragmas is deprecated. Use //# instead
JavaScript warning: https://vplan.gymnasium-meine.de/mobil095/js/jquery.mobile-1.3.2.min.js, line 8: Using //@ to indicate sourceMappingURL pragmas is deprecated. Use //# instead
JavaScript warning: https://vplan.gymnasium-meine.de/mobil095/js/jquery.mobile-1.3.2.min.js, line 8: Using //@ to indicate sourceMappingURL pragmas is deprecated. Use //# instead
JavaScript warning: https://vplan.gymnasium-meine.de/mobil095/js/jquery.mobile-1.3.2.min.js, line 8: Using //@ to indicate sourceMappingURL pragmas is deprecated. Use //# instead
1646859863120	Marionette	INFO	Stopped listening on port 41397
1646859900027	geckodriver	INFO	Listening on 127.0.0.1:36761
1646859900030	mozrunner::runner	INFO	Running command: "/home/droko/Downloads/firefox-66.0.5/firefox/firefox-bin" "--marionette" "--remote-debugging-port" "43073" "-no-remote" "-profile" "/tmp/rust_mozprofilesfe5sT"
1646859900370	addons.webextension.screenshots@mozilla.org	WARN	Loading extension 'screenshots@mozilla.org': Reading manifest: Invalid extension permission: mozillaAddons
1646859900370	addons.webextension.screenshots@mozilla.org	WARN	Loading extension 'screenshots@mozilla.org': Reading manifest: Invalid extension permission: resource://pdf.js/
1646859900371	addons.webextension.screenshots@mozilla.org	WARN	Loading extension 'screenshots@mozilla.org': Reading manifest: Invalid extension permission: about:reader*
1646859901349	Marionette	INFO	Listening on port 37591
1646859901455	Marionette	WARN	TLS certificate errors will be ignored for this session
JavaScript warning: https://vplan.gymnasium-meine.de/mobil095/js/jquery.mobile-1.3.2.min.js, line 8: Using //@ to indicate sourceMappingURL pragmas is deprecated. Use //# instead
JavaScript warning: https://vplan.gymnasium-meine.de/mobil095/js/jquery.mobile-1.3.2.min.js, line 8: Using //@ to indicate sourceMappingURL pragmas is deprecated. Use //# instead
JavaScript warning: https://vplan.gymnasium-meine.de/mobil095/js/jquery.mobile-1.3.2.min.js, line 8: Using //@ to indicate sourceMappingURL pragmas is deprecated. Use //# instead
JavaScript warning: https://vplan.gymnasium-meine.de/mobil095/js/jquery.mobile-1.3.2.min.js, line 8: Using //@ to indicate sourceMappingURL pragmas is deprecated. Use //# instead
1646859920976	Marionette	INFO	Stopped listening on port 37591
console.error: BroadcastService: 
  receivedBroadcastMessage: handler for
  remote-settings/monitor_changes
  threw error:
  Message: Error: Polling for changes failed: /buckets/monitor/collections/changes/records?_expected=%221646859470036%22 is not a valid URL..
  Stack:
    remoteSettingsFunction/remoteSettings.pollChanges@resource://services-settings/remote-settings.js:190:13

console.error: BroadcastService: 
  receivedBroadcastMessage: handler for
  remote-settings/monitor_changes
  threw error:
  Message: Error: Polling for changes failed: /buckets/monitor/collections/changes/records?_expected=%221646859470036%22 is not a valid URL..
  Stack:
    remoteSettingsFunction/remoteSettings.pollChanges@resource://services-settings/remote-settings.js:190:13

